<?xml version="1.0" encoding="UTF-8"?>
<testng-results total="1" passed="1" failed="0" skipped="0">
  <reporter-output>
    <line>
      <![CDATA[Setting up reports and test started]]>
    </line>
    <line>
      <![CDATA[Setting Done -- Test can be started]]>
    </line>
    <line>
      <![CDATA[Trying to start browser and getting application ready]]>
    </line>
    <line>
      <![CDATA[Browser and application is up and running]]>
    </line>
    <line>
      <![CDATA[Test is about to end]]>
    </line>
    <line>
      <![CDATA[Test completed >>>> Reports generated]]>
    </line>
  </reporter-output>
  <suite started-at="2021-04-08T07:46:31Z" name="Default suite" finished-at="2021-04-08T07:46:40Z" duration-ms="8912">
    <groups>
    </groups>
    <test started-at="2021-04-08T07:46:31Z" name="Default test" finished-at="2021-04-08T07:46:40Z" duration-ms="8912">
      <class name="com.orangehrm.testcases.LoginTest">
        <test-method is-config="true" signature="setUpSuite()[pri:0, instance:com.orangehrm.testcases.LoginTest@1f75a668]" started-at="2021-04-08T13:16:30Z" name="setUpSuite" finished-at="2021-04-08T13:16:31Z" duration-ms="521" status="PASS">
          <reporter-output>
            <line>
              <![CDATA[Setting up reports and test started]]>
            </line>
            <line>
              <![CDATA[Setting Done -- Test can be started]]>
            </line>
          </reporter-output>
        </test-method> <!-- setUpSuite -->
        <test-method is-config="true" signature="setUp()[pri:0, instance:com.orangehrm.testcases.LoginTest@1f75a668]" started-at="2021-04-08T13:16:31Z" name="setUp" finished-at="2021-04-08T13:16:33Z" duration-ms="2695" status="PASS">
          <reporter-output>
            <line>
              <![CDATA[Trying to start browser and getting application ready]]>
            </line>
            <line>
              <![CDATA[Browser and application is up and running]]>
            </line>
          </reporter-output>
        </test-method> <!-- setUp -->
        <test-method signature="loginApp()[pri:0, instance:com.orangehrm.testcases.LoginTest@1f75a668]" started-at="2021-04-08T13:16:33Z" name="loginApp" finished-at="2021-04-08T13:16:38Z" duration-ms="4966" status="PASS">
          <reporter-output>
          </reporter-output>
        </test-method> <!-- loginApp -->
        <test-method is-config="true" signature="tearDownMethod(org.testng.ITestResult)[pri:0, instance:com.orangehrm.testcases.LoginTest@1f75a668]" started-at="2021-04-08T13:16:38Z" name="tearDownMethod" finished-at="2021-04-08T13:16:39Z" duration-ms="587" status="PASS">
          <params>
            <param index="0">
              <value>
                <![CDATA[[TestResult name=loginApp status=SUCCESS method=LoginTest.loginApp()[pri:0, instance:com.orangehrm.testcases.LoginTest@1f75a668] output={null}]]]>
              </value>
            </param>
          </params>
          <reporter-output>
            <line>
              <![CDATA[Test is about to end]]>
            </line>
            <line>
              <![CDATA[Test completed >>>> Reports generated]]>
            </line>
          </reporter-output>
        </test-method> <!-- tearDownMethod -->
        <test-method is-config="true" signature="tearDown()[pri:0, instance:com.orangehrm.testcases.LoginTest@1f75a668]" started-at="2021-04-08T13:16:39Z" name="tearDown" finished-at="2021-04-08T13:16:40Z" duration-ms="652" status="PASS">
          <reporter-output>
          </reporter-output>
        </test-method> <!-- tearDown -->
      </class> <!-- com.orangehrm.testcases.LoginTest -->
    </test> <!-- Default test -->
  </suite> <!-- Default suite -->
</testng-results>
